<?xml version="1.0" encoding="UTF-8"?>
<testsuite name="Test.Chamados" tests="3" skipped="0" failures="0" errors="0" timestamp="2016-10-16T19:12:19" hostname="Rosangela-PC" time="0.544">
  <properties/>
  <testcase name="ChamadoAlterado" classname="Test.Chamados" time="0.471"/>
  <testcase name="ValidarChamados" classname="Test.Chamados" time="0.058"/>
  <testcase name="BuscarChamadoCodigo_e_Alterar" classname="Test.Chamados" time="0.011"/>
  <system-out><![CDATA[entidade.Chamado@1fcc9464
entidade.Chamado@1fcc9464
]]></system-out>
  <system-err><![CDATA[Erro ao abrir o arquivo empresas.dat
empresas.dat (O sistema não pode encontrar o arquivo especificado)
Erro ao abrir o arquivo empresas.dat
empresas.dat (O sistema não pode encontrar o arquivo especificado)
]]></system-err>
</testsuite>
