<?xml version="1.0" encoding="UTF-8"?>
<testsuite name="Test.ControleClientesTest" tests="1" skipped="0" failures="0" errors="0" timestamp="2016-10-16T19:07:32" hostname="Rosangela-PC" time="0.02">
  <properties/>
  <testcase name="VerificarClientePorCPF" classname="Test.ControleClientesTest" time="0.02"/>
  <system-out><![CDATA[]]></system-out>
  <system-err><![CDATA[]]></system-err>
</testsuite>
